<?xml version="1.0" encoding="UTF-8"?>
<robot generator="Robot 7.3.2 (Python 3.12.2 on win32)" generated="2025-11-17T17:08:59.251273" rpa="false" schemaversion="5">
<suite id="s1" name="Tests" source="C:\Users\Tommi\ohtu\webcounter-ohtu\src\tests">
<suite id="s1-s1" name="Increment" source="C:\Users\Tommi\ohtu\webcounter-ohtu\src\tests\increment.robot">
<kw name="Open And Configure Browser" owner="resource" type="SETUP">
<kw name="Set Selenium Speed" owner="SeleniumLibrary">
<arg>${DELAY}</arg>
<doc>Sets the delay that is waited after each Selenium command.</doc>
<status status="PASS" start="2025-11-17T17:08:59.900272" elapsed="0.000000"/>
</kw>
<kw name="Open Browser" owner="SeleniumLibrary">
<msg time="2025-11-17T17:08:59.901272" level="INFO">Opening browser 'chrome' to base url 'None'.</msg>
<arg>browser=${BROWSER}</arg>
<doc>Opens a new browser instance to the optional ``url``.</doc>
<status status="PASS" start="2025-11-17T17:08:59.901272" elapsed="1.784999"/>
</kw>
<status status="PASS" start="2025-11-17T17:08:59.899273" elapsed="1.786998"/>
</kw>
<test id="s1-s1-t1" name="At start the counter is zero" line="7">
<kw name="Go To" owner="SeleniumLibrary">
<msg time="2025-11-17T17:09:01.701274" level="INFO">Opening url 'http://localhost:5001'</msg>
<errors>
<msg time="2025-11-17T17:10:49.676489" level="ERROR">Execution stopped by user.</msg>
</errors>
</robot>
